\BOOKMARK [1][-]{section.1}{Introduction to Angular}{}% 1
\BOOKMARK [2][-]{subsection.1.1}{Introduction}{section.1}% 2
\BOOKMARK [3][-]{subsubsection.1.1.1}{Single Page Application}{subsection.1.1}% 3
\BOOKMARK [3][-]{subsubsection.1.1.2}{Gmail}{subsection.1.1}% 4
\BOOKMARK [3][-]{subsubsection.1.1.3}{Different types of SPA Franework}{subsection.1.1}% 5
\BOOKMARK [3][-]{subsubsection.1.1.4}{MVVM vs MVS}{subsection.1.1}% 6
\BOOKMARK [2][-]{subsection.1.2}{Installation}{section.1}% 7
\BOOKMARK [2][-]{subsection.1.3}{TypeScript}{section.1}% 8
\BOOKMARK [2][-]{subsection.1.4}{TS node}{section.1}% 9
\BOOKMARK [1][-]{section.2}{Components}{}% 10
\BOOKMARK [2][-]{subsection.2.1}{Components}{section.2}% 11
\BOOKMARK [2][-]{subsection.2.2}{creating component}{section.2}% 12
\BOOKMARK [2][-]{subsection.2.3}{Data Binding}{section.2}% 13
\BOOKMARK [2][-]{subsection.2.4}{Templates and Models}{section.2}% 14
\BOOKMARK [2][-]{subsection.2.5}{Breaking down Components}{section.2}% 15
\BOOKMARK [1][-]{section.3}{Template}{}% 16
\BOOKMARK [2][-]{subsection.3.1}{Directives}{section.3}% 17
\BOOKMARK [2][-]{subsection.3.2}{Pipes}{section.3}% 18
\BOOKMARK [1][-]{section.4}{Forms}{}% 19
\BOOKMARK [2][-]{subsection.4.1}{Template Driven Form}{section.4}% 20
\BOOKMARK [2][-]{subsection.4.2}{Model Driven Form}{section.4}% 21
\BOOKMARK [1][-]{section.5}{Assignment 1}{}% 22
\BOOKMARK [1][-]{section.6}{Service}{}% 23
\BOOKMARK [2][-]{subsection.6.1}{Services}{section.6}% 24
\BOOKMARK [2][-]{subsection.6.2}{Injectors}{section.6}% 25
\BOOKMARK [1][-]{section.7}{Routing}{}% 26
\BOOKMARK [1][-]{section.8}{Http}{}% 27
\BOOKMARK [2][-]{subsection.8.1}{HTTP}{section.8}% 28
\BOOKMARK [2][-]{subsection.8.2}{Authentication}{section.8}% 29
\BOOKMARK [1][-]{section.9}{Other Topics}{}% 30
\BOOKMARK [2][-]{subsection.9.1}{Testing}{section.9}% 31
\BOOKMARK [2][-]{subsection.9.2}{Lifecycle Hooks}{section.9}% 32
\BOOKMARK [2][-]{subsection.9.3}{Full Stack Development Environment}{section.9}% 33
\BOOKMARK [2][-]{subsection.9.4}{JSON Web Token}{section.9}% 34
\BOOKMARK [1][-]{section.10}{Assignment 2}{}% 35
\BOOKMARK [1][-]{section.11}{Introduction to Ionic}{}% 36
\BOOKMARK [2][-]{subsection.11.1}{Installing}{section.11}% 37
\BOOKMARK [1][-]{section.12}{Ionic Components}{}% 38
\BOOKMARK [2][-]{subsection.12.1}{Pages}{section.12}% 39
\BOOKMARK [2][-]{subsection.12.2}{Styling}{section.12}% 40
\BOOKMARK [1][-]{section.13}{Ionic Testing}{}% 41
\BOOKMARK [2][-]{subsection.13.1}{Depoly on IOS}{section.13}% 42
\BOOKMARK [2][-]{subsection.13.2}{Depoly on Android}{section.13}% 43
\BOOKMARK [1][-]{section.14}{Ionic Native}{}% 44
\BOOKMARK [1][-]{section.15}{Assignment 3}{}% 45
\BOOKMARK [1][-]{section.16}{Extra Topics}{}% 46
\BOOKMARK [2][-]{subsection.16.1}{TCP/IP Model}{section.16}% 47
\BOOKMARK [2][-]{subsection.16.2}{Angular Depolyment}{section.16}% 48
\BOOKMARK [2][-]{subsection.16.3}{OO Design Principles and Clean Code}{section.16}% 49
