\BOOKMARK [1][-]{section.1}{Introduction to Node}{}% 1
\BOOKMARK [2][-]{subsection.1.1}{Modules}{section.1}% 2
\BOOKMARK [2][-]{subsection.1.2}{Events}{section.1}% 3
\BOOKMARK [2][-]{subsection.1.3}{Asynchronous code and callbacks}{section.1}% 4
\BOOKMARK [2][-]{subsection.1.4}{fs}{section.1}% 5
\BOOKMARK [2][-]{subsection.1.5}{Web Server}{section.1}% 6
\BOOKMARK [1][-]{section.2}{Node packages}{}% 7
\BOOKMARK [2][-]{subsection.2.1}{npm}{section.2}% 8
\BOOKMARK [2][-]{subsection.2.2}{Express}{section.2}% 9
\BOOKMARK [2][-]{subsection.2.3}{Express middleware}{section.2}% 10
\BOOKMARK [2][-]{subsection.2.4}{Request Response Cycle}{section.2}% 11
\BOOKMARK [2][-]{subsection.2.5}{Cookies and Session}{section.2}% 12
\BOOKMARK [1][-]{section.3}{Promises}{}% 13
\BOOKMARK [1][-]{section.4}{Assignment 1 - dropbox with cache}{}% 14
\BOOKMARK [2][-]{subsection.4.1}{Introduction}{section.4}% 15
\BOOKMARK [2][-]{subsection.4.2}{Questions and solutions}{section.4}% 16
\BOOKMARK [1][-]{section.5}{Jasmine}{}% 17
\BOOKMARK [2][-]{subsection.5.1}{Introduction}{section.5}% 18
\BOOKMARK [2][-]{subsection.5.2}{Expectation and Matcher}{section.5}% 19
\BOOKMARK [2][-]{subsection.5.3}{Setup and Teardown}{section.5}% 20
\BOOKMARK [2][-]{subsection.5.4}{Jasmine Spies}{section.5}% 21
\BOOKMARK [2][-]{subsection.5.5}{Async and Clock}{section.5}% 22
\BOOKMARK [2][-]{subsection.5.6}{Supertest}{section.5}% 23
\BOOKMARK [1][-]{section.6}{API and Handlebars}{}% 24
\BOOKMARK [2][-]{subsection.6.1}{Introduction}{section.6}% 25
\BOOKMARK [2][-]{subsection.6.2}{Restful APIs}{section.6}% 26
\BOOKMARK [2][-]{subsection.6.3}{API Methods}{section.6}% 27
\BOOKMARK [2][-]{subsection.6.4}{HTML Template}{section.6}% 28
\BOOKMARK [2][-]{subsection.6.5}{Handlebars}{section.6}% 29
\BOOKMARK [2][-]{subsection.6.6}{Basic Authentication}{section.6}% 30
\BOOKMARK [2][-]{subsection.6.7}{Postman}{section.6}% 31
\BOOKMARK [1][-]{section.7}{Assignment 2 - notes taking file}{}% 32
\BOOKMARK [1][-]{section.8}{SQL}{}% 33
\BOOKMARK [2][-]{subsection.8.1}{Introduction}{section.8}% 34
\BOOKMARK [2][-]{subsection.8.2}{Node \046 PostgreSQL}{section.8}% 35
\BOOKMARK [2][-]{subsection.8.3}{SQL joins}{section.8}% 36
\BOOKMARK [2][-]{subsection.8.4}{Transaction}{section.8}% 37
\BOOKMARK [1][-]{section.9}{Knex}{}% 38
\BOOKMARK [2][-]{subsection.9.1}{Knex migrations CLI}{section.9}% 39
\BOOKMARK [1][-]{section.10}{Database Theory}{}% 40
\BOOKMARK [2][-]{subsection.10.1}{Introduction}{section.10}% 41
\BOOKMARK [2][-]{subsection.10.2}{Associations}{section.10}% 42
\BOOKMARK [2][-]{subsection.10.3}{Database Design}{section.10}% 43
\BOOKMARK [1][-]{section.11}{Assignment 3 - notes taking knex}{}% 44
\BOOKMARK [1][-]{section.12}{Redis}{}% 45
\BOOKMARK [2][-]{subsection.12.1}{Introduction}{section.12}% 46
\BOOKMARK [2][-]{subsection.12.2}{Redis and node}{section.12}% 47
\BOOKMARK [1][-]{section.13}{Websockets}{}% 48
\BOOKMARK [2][-]{subsection.13.1}{Introduction}{section.13}% 49
\BOOKMARK [2][-]{subsection.13.2}{Socket.io}{section.13}% 50
\BOOKMARK [1][-]{section.14}{User Authentication}{}% 51
\BOOKMARK [2][-]{subsection.14.1}{Introduction}{section.14}% 52
\BOOKMARK [2][-]{subsection.14.2}{Passport.js}{section.14}% 53
\BOOKMARK [2][-]{subsection.14.3}{Bcrypt}{section.14}% 54
\BOOKMARK [2][-]{subsection.14.4}{Social Login}{section.14}% 55
\BOOKMARK [2][-]{subsection.14.5}{Redis Session}{section.14}% 56
\BOOKMARK [1][-]{section.15}{System Admin}{}% 57
\BOOKMARK [2][-]{subsection.15.1}{Introduction}{section.15}% 58
\BOOKMARK [2][-]{subsection.15.2}{Digital Ocean}{section.15}% 59
\BOOKMARK [2][-]{subsection.15.3}{apt-get}{section.15}% 60
\BOOKMARK [2][-]{subsection.15.4}{Bash}{section.15}% 61
\BOOKMARK [2][-]{subsection.15.5}{NodeJs Setup}{section.15}% 62
\BOOKMARK [2][-]{subsection.15.6}{Process Manager and Nginx}{section.15}% 63
\BOOKMARK [2][-]{subsection.15.7}{Git Deployment}{section.15}% 64
\BOOKMARK [1][-]{section.16}{Assignment 4 - chatroom single file}{}% 65
\BOOKMARK [1][-]{section.17}{Extension topics}{}% 66
\BOOKMARK [2][-]{subsection.17.1}{Data Structure}{section.17}% 67
\BOOKMARK [2][-]{subsection.17.2}{HTTP Header}{section.17}% 68
\BOOKMARK [2][-]{subsection.17.3}{Algorithm}{section.17}% 69
\BOOKMARK [2][-]{subsection.17.4}{Dependency Injection}{section.17}% 70
\BOOKMARK [2][-]{subsection.17.5}{Operating System}{section.17}% 71
\BOOKMARK [2][-]{subsection.17.6}{Hamming}{section.17}% 72
\BOOKMARK [2][-]{subsection.17.7}{Software Licensing}{section.17}% 73
